#
# A fatal error has been detected by the Java Runtime Environment:
#
#  EXCEPTION_ACCESS_VIOLATION (0xc0000005) at pc=0x000000006f2a8d85, pid=4224, tid=4036
#
# JRE version: Java(TM) SE Runtime Environment (8.0_77-b03) (build 1.8.0_77-b03)
# Java VM: Java HotSpot(TM) 64-Bit Server VM (25.77-b03 mixed mode windows-amd64 compressed oops)
# Problematic frame:
# V  [jvm.dll+0x128d85]
#
# Failed to write core dump. Minidumps are not enabled by default on client versions of Windows
#
# If you would like to submit a bug report, please visit:
#   http://bugreport.java.com/bugreport/crash.jsp
#

---------------  T H R E A D  ---------------

Current thread (0x000000001be97800):  JavaThread "JDWP Transport Listener: dt_socket" daemon [_thread_in_vm, id=4036, stack(0x000000001d7d0000,0x000000001d8d0000)]

siginfo: ExceptionCode=0xc0000005, reading address 0x00003b003b726f74

Registers:
RAX=0x000000001d8cf901, RBX=0x000000001be97800, RCX=0x00003b003b726f74, RDX=0x0000000000000000
RSP=0x000000001d8cf8f0, RBP=0x00003b003b726f74, RSI=0x000000001d8cfa08, RDI=0x00000000027186d0
R8 =0x000000001be97800, R9 =0x0000000000000000, R10=0x0000000000000000, R11=0x0000000000000064
R12=0x0000000000000000, R13=0x000000001be983f8, R14=0x0000000000000000, R15=0x0000000000000000
RIP=0x000000006f2a8d85, EFLAGS=0x0000000000010206

Top of Stack: (sp=0x000000001d8cf8f0)
0x000000001d8cf8f0:   000000001be97800 00000000250baaa0
0x000000001d8cf900:   000000001d8cf9b8 000000006f4ae33b
0x000000001d8cf910:   000000001be97800 000000006f4cab9d
0x000000001d8cf920:   0000000000000074 000000006eec9155
0x000000001d8cf930:   000000001f4f2790 000000006eed291e
0x000000001d8cf940:   000000001be97800 0000000000000000
0x000000001d8cf950:   0000000000000000 0000000000000000
0x000000001d8cf960:   00003b003b726f74 000000006eed1a15
0x000000001d8cf970:   000000001d8cfa08 000000001d8cf9e0
0x000000001d8cf980:   0000000000000001 000000001f4f2790
0x000000001d8cf990:   00003b003b726f74 000000006eeb53b3
0x000000001d8cf9a0:   000000001d8cfad0 0000000000000001
0x000000001d8cf9b0:   0000000000000001 000000001f4f2790
0x000000001d8cf9c0:   0000000000000001 0000000000000000
0x000000001d8cf9d0:   0000000000000000 0000000000000000
0x000000001d8cf9e0:   0000000000000001 000000006eeb5571 

Instructions: (pc=0x000000006f2a8d85)
0x000000006f2a8d65:   cc cc cc cc cc cc cc cc cc cc cc 48 83 ec 28 48
0x000000006f2a8d75:   85 c9 75 07 33 c0 48 83 c4 28 c3 48 89 5c 24 20
0x000000006f2a8d85:   48 8b 19 48 85 db 74 20 48 83 fb 37 74 1a 48 8b
0x000000006f2a8d95:   13 48 8b cb ff 52 10 84 c0 74 0d 48 8b c3 48 8b 


Register to memory mapping:

RAX=0x000000001d8cf901 is pointing into the stack for thread: 0x000000001be97800
RBX=0x000000001be97800 is a thread
RCX=0x00003b003b726f74 is an unknown value
RDX=0x0000000000000000 is an unknown value
RSP=0x000000001d8cf8f0 is pointing into the stack for thread: 0x000000001be97800
RBP=0x00003b003b726f74 is an unknown value
RSI=0x000000001d8cfa08 is pointing into the stack for thread: 0x000000001be97800
RDI=0x00000000027186d0 is an unknown value
R8 =0x000000001be97800 is a thread
R9 =0x0000000000000000 is an unknown value
R10=0x0000000000000000 is an unknown value
R11=0x0000000000000064 is an unknown value
R12=0x0000000000000000 is an unknown value
R13=0x000000001be983f8 is an unknown value
R14=0x0000000000000000 is an unknown value
R15=0x0000000000000000 is an unknown value


Stack: [0x000000001d7d0000,0x000000001d8d0000],  sp=0x000000001d8cf8f0,  free space=1022k
Native frames: (J=compiled Java code, j=interpreted, Vv=VM code, C=native code)
V  [jvm.dll+0x128d85]
V  [jvm.dll+0x34ab9d]
C  [jdwp.dll+0x21a15]
C  [jdwp.dll+0x53b3]
C  [jdwp.dll+0x5571]
C  [jdwp.dll+0xf0a8]
C  [jdwp.dll+0x1f2d5]
C  [jdwp.dll+0x1f4aa]
V  [jvm.dll+0x1bba58]
V  [jvm.dll+0x243434]
V  [jvm.dll+0x29a27a]
C  [msvcr100.dll+0x21d9f]
C  [msvcr100.dll+0x21e3b]
C  [KERNEL32.DLL+0x18102]
C  [ntdll.dll+0x5c5b4]


---------------  P R O C E S S  ---------------

Java Threads: ( => current thread )
  0x0000000020c64000 JavaThread "http-nio-8082-exec-1" daemon [_thread_blocked, id=4984, stack(0x000000002a110000,0x000000002a210000)]
  0x0000000020c61000 JavaThread "DestroyJavaVM" [_thread_blocked, id=5260, stack(0x0000000002590000,0x0000000002690000)]
  0x0000000020c5f800 JavaThread "http-nio-8082-Acceptor-0" daemon [_thread_in_native, id=8688, stack(0x000000002a010000,0x000000002a110000)]
  0x0000000020c63000 JavaThread "http-nio-8082-ClientPoller-1" daemon [_thread_in_native, id=120, stack(0x0000000029f10000,0x000000002a010000)]
  0x000000001faf3800 JavaThread "http-nio-8082-ClientPoller-0" daemon [_thread_in_native, id=7828, stack(0x0000000029e10000,0x0000000029f10000)]
  0x000000001faf6800 JavaThread "NioBlockingSelector.BlockPoller-1" daemon [_thread_in_native, id=9172, stack(0x0000000029d10000,0x0000000029e10000)]
  0x000000001faf5800 JavaThread "pool-5-thread-1" [_thread_blocked, id=10228, stack(0x0000000029c10000,0x0000000029d10000)]
  0x000000001faf5000 JavaThread "cron4j::scheduler[2aecba3b483ed60e09c5d76b00000154b867f7572b2c3b1d]::timer[2aecba3b483ed60e09c5d76b00000154b867f96a591d29b1]" [_thread_blocked, id=9704, stack(0x0000000028240000,0x0000000028340000)]
  0x000000001faf7000 JavaThread "pool-3-thread-1" [_thread_blocked, id=2504, stack(0x00000000275c0000,0x00000000276c0000)]
  0x000000001faf4000 JavaThread "Thread-2" daemon [_thread_in_native, id=4240, stack(0x0000000027240000,0x0000000027340000)]
  0x000000001faf2800 JavaThread "Druid-ConnectionPool-Destroy-1310865036" daemon [_thread_blocked, id=6420, stack(0x0000000025f50000,0x0000000026050000)]
  0x000000001faf8800 JavaThread "Druid-ConnectionPool-Create-1310865036" daemon [_thread_blocked, id=9044, stack(0x0000000025e50000,0x0000000025f50000)]
  0x000000001faf2000 JavaThread "OracleTimeoutPollingThread" daemon [_thread_blocked, id=7612, stack(0x0000000025d50000,0x0000000025e50000)]
  0x000000001ed12800 JavaThread "container-0" [_thread_blocked, id=6928, stack(0x0000000025150000,0x0000000025250000)]
  0x00000000237b1000 JavaThread "ContainerBackgroundProcessor[StandardEngine[Tomcat].StandardHost[localhost].StandardContext[]]" daemon [_thread_blocked, id=9796, stack(0x0000000023b80000,0x0000000023c80000)]
  0x000000001e315800 JavaThread "RMI TCP Accept-0" daemon [_thread_in_native, id=9196, stack(0x000000001e8d0000,0x000000001e9d0000)]
  0x000000001e2d8800 JavaThread "RMI TCP Accept-62465" daemon [_thread_in_native, id=620, stack(0x000000001e7d0000,0x000000001e8d0000)]
  0x000000001e377800 JavaThread "RMI TCP Accept-0" daemon [_thread_in_native, id=8684, stack(0x000000001e6d0000,0x000000001e7d0000)]
  0x000000001bece000 JavaThread "Service Thread" daemon [_thread_blocked, id=4160, stack(0x000000001ddd0000,0x000000001ded0000)]
  0x000000001bec9800 JavaThread "C1 CompilerThread2" daemon [_thread_blocked, id=9988, stack(0x000000001dcd0000,0x000000001ddd0000)]
  0x000000001bec4800 JavaThread "C2 CompilerThread1" daemon [_thread_blocked, id=2460, stack(0x000000001dbd0000,0x000000001dcd0000)]
  0x000000001beb8000 JavaThread "C2 CompilerThread0" daemon [_thread_blocked, id=6620, stack(0x000000001dad0000,0x000000001dbd0000)]
  0x000000001beaa000 JavaThread "JDWP Command Reader" daemon [_thread_in_native, id=10012, stack(0x000000001d9d0000,0x000000001dad0000)]
  0x000000001bea8800 JavaThread "JDWP Event Helper Thread" daemon [_thread_blocked, id=9872, stack(0x000000001d8d0000,0x000000001d9d0000)]
=>0x000000001be97800 JavaThread "JDWP Transport Listener: dt_socket" daemon [_thread_in_vm, id=4036, stack(0x000000001d7d0000,0x000000001d8d0000)]
  0x000000001be8e800 JavaThread "Attach Listener" daemon [_thread_blocked, id=624, stack(0x000000001d6d0000,0x000000001d7d0000)]
  0x000000001d213800 JavaThread "Signal Dispatcher" daemon [_thread_blocked, id=9696, stack(0x000000001d5d0000,0x000000001d6d0000)]
  0x000000001be5f000 JavaThread "Finalizer" daemon [_thread_blocked, id=1160, stack(0x000000001d0d0000,0x000000001d1d0000)]
  0x0000000002817000 JavaThread "Reference Handler" daemon [_thread_blocked, id=8868, stack(0x000000001cfd0000,0x000000001d0d0000)]

Other Threads:
  0x000000001be37800 VMThread [stack: 0x000000001ced0000,0x000000001cfd0000] [id=8816]
  0x000000001e316800 WatcherThread [stack: 0x000000001e9d0000,0x000000001ead0000] [id=5384]

VM state:not at safepoint (normal execution)

VM Mutex/Monitor currently owned by a thread: None

Heap:
 PSYoungGen      total 361472K, used 44235K [0x000000076af80000, 0x0000000783480000, 0x00000007c0000000)
  eden space 337920K, 13% used [0x000000076af80000,0x000000076dab2cd8,0x000000077f980000)
  from space 23552K, 0% used [0x0000000781d80000,0x0000000781d80000,0x0000000783480000)
  to   space 30208K, 0% used [0x000000077f980000,0x000000077f980000,0x0000000781700000)
 ParOldGen       total 291328K, used 55274K [0x00000006c0e00000, 0x00000006d2a80000, 0x000000076af80000)
  object space 291328K, 18% used [0x00000006c0e00000,0x00000006c43faac8,0x00000006d2a80000)
 Metaspace       used 60917K, capacity 61520K, committed 61784K, reserved 1103872K
  class space    used 7537K, capacity 7702K, committed 7808K, reserved 1048576K

Card table byte_map: [0x0000000011be0000,0x00000000123e0000] byte_map_base: 0x000000000e5d9000

Marking Bits: (ParMarkBitMap*) 0x000000006f990600
 Begin Bits: [0x0000000012d40000, 0x0000000016d08000)
 End Bits:   [0x0000000016d08000, 0x000000001acd0000)

Polling page: 0x00000000001f0000

CodeCache: size=245760Kb used=20903Kb max_used=22156Kb free=224856Kb
 bounds [0x0000000002820000, 0x0000000003e20000, 0x0000000011820000]
 total_blobs=6161 nmethods=5595 adapters=486
 compilation: enabled

Compilation events (10 events):
Event: 197.700 Thread 0x000000001bec9800 6828       3       java.io.Writer::<init> (10 bytes)
Event: 197.701 Thread 0x000000001bec9800 nmethod 6828 0x0000000003bc4b50 code [0x0000000003bc4ca0, 0x0000000003bc4e70]
Event: 197.760 Thread 0x000000001bec9800 6829  s    3       sun.net.www.MessageHeader::findValue (69 bytes)
Event: 197.762 Thread 0x000000001bec9800 nmethod 6829 0x0000000002bc0550 code [0x0000000002bc0700, 0x0000000002bc0e08]
Event: 202.032 Thread 0x000000001bec9800 6830       3       java.util.concurrent.atomic.AtomicLong::getAndSet (12 bytes)
Event: 202.033 Thread 0x000000001bec9800 nmethod 6830 0x000000000333dad0 code [0x000000000333dc20, 0x000000000333dd70]
Event: 202.033 Thread 0x000000001bec9800 6831       3       sun.misc.Unsafe::getAndSetLong (24 bytes)
Event: 202.034 Thread 0x000000001bec9800 nmethod 6831 0x000000000369b190 code [0x000000000369b300, 0x000000000369b510]
Event: 202.034 Thread 0x000000001bec9800 6832       3       org.apache.tomcat.util.net.NioEndpoint::access$600 (5 bytes)
Event: 202.034 Thread 0x000000001bec9800 nmethod 6832 0x000000000392cf90 code [0x000000000392d0e0, 0x000000000392d210]

GC Heap History (10 events):
Event: 6.074 GC heap before
{Heap before GC invocations=9 (full 2):
 PSYoungGen      total 270336K, used 10734K [0x000000076af80000, 0x000000077e600000, 0x00000007c0000000)
  eden space 259584K, 0% used [0x000000076af80000,0x000000076af80000,0x000000077ad00000)
  from space 10752K, 99% used [0x000000077ad00000,0x000000077b77b8b0,0x000000077b780000)
  to   space 14848K, 0% used [0x000000077d780000,0x000000077d780000,0x000000077e600000)
 ParOldGen       total 105472K, used 14882K [0x00000006c0e00000, 0x00000006c7500000, 0x000000076af80000)
  object space 105472K, 14% used [0x00000006c0e00000,0x00000006c1c889d0,0x00000006c7500000)
 Metaspace       used 35016K, capacity 35250K, committed 35456K, reserved 1081344K
  class space    used 4160K, capacity 4209K, committed 4224K, reserved 1048576K
Event: 6.168 GC heap after
Heap after GC invocations=9 (full 2):
 PSYoungGen      total 270336K, used 0K [0x000000076af80000, 0x000000077e600000, 0x00000007c0000000)
  eden space 259584K, 0% used [0x000000076af80000,0x000000076af80000,0x000000077ad00000)
  from space 10752K, 0% used [0x000000077ad00000,0x000000077ad00000,0x000000077b780000)
  to   space 14848K, 0% used [0x000000077d780000,0x000000077d780000,0x000000077e600000)
 ParOldGen       total 188416K, used 24043K [0x00000006c0e00000, 0x00000006cc600000, 0x000000076af80000)
  object space 188416K, 12% used [0x00000006c0e00000,0x00000006c257ae88,0x00000006cc600000)
 Metaspace       used 35016K, capacity 35250K, committed 35456K, reserved 1081344K
  class space    used 4160K, capacity 4209K, committed 4224K, reserved 1048576K
}
Event: 8.770 GC heap before
{Heap before GC invocations=10 (full 2):
 PSYoungGen      total 270336K, used 259584K [0x000000076af80000, 0x000000077e600000, 0x00000007c0000000)
  eden space 259584K, 100% used [0x000000076af80000,0x000000077ad00000,0x000000077ad00000)
  from space 10752K, 0% used [0x000000077ad00000,0x000000077ad00000,0x000000077b780000)
  to   space 14848K, 0% used [0x000000077d780000,0x000000077d780000,0x000000077e600000)
 ParOldGen       total 188416K, used 24043K [0x00000006c0e00000, 0x00000006cc600000, 0x000000076af80000)
  object space 188416K, 12% used [0x00000006c0e00000,0x00000006c257ae88,0x00000006cc600000)
 Metaspace       used 50184K, capacity 50658K, committed 51072K, reserved 1093632K
  class space    used 6171K, capacity 6269K, committed 6272K, reserved 1048576K
Event: 8.797 GC heap after
Heap after GC invocations=10 (full 2):
 PSYoungGen      total 298496K, used 14843K [0x000000076af80000, 0x0000000782480000, 0x00000007c0000000)
  eden space 283648K, 0% used [0x000000076af80000,0x000000076af80000,0x000000077c480000)
  from space 14848K, 99% used [0x000000077d780000,0x000000077e5feea8,0x000000077e600000)
  to   space 19456K, 0% used [0x000000077c480000,0x000000077c480000,0x000000077d780000)
 ParOldGen       total 188416K, used 31382K [0x00000006c0e00000, 0x00000006cc600000, 0x000000076af80000)
  object space 188416K, 16% used [0x00000006c0e00000,0x00000006c2ca5958,0x00000006cc600000)
 Metaspace       used 50184K, capacity 50658K, committed 51072K, reserved 1093632K
  class space    used 6171K, capacity 6269K, committed 6272K, reserved 1048576K
}
Event: 10.965 GC heap before
{Heap before GC invocations=11 (full 2):
 PSYoungGen      total 298496K, used 298491K [0x000000076af80000, 0x0000000782480000, 0x00000007c0000000)
  eden space 283648K, 100% used [0x000000076af80000,0x000000077c480000,0x000000077c480000)
  from space 14848K, 99% used [0x000000077d780000,0x000000077e5feea8,0x000000077e600000)
  to   space 19456K, 0% used [0x000000077c480000,0x000000077c480000,0x000000077d780000)
 ParOldGen       total 188416K, used 31382K [0x00000006c0e00000, 0x00000006cc600000, 0x000000076af80000)
  object space 188416K, 16% used [0x00000006c0e00000,0x00000006c2ca5958,0x00000006cc600000)
 Metaspace       used 56954K, capacity 57574K, committed 57984K, reserved 1099776K
  class space    used 7053K, capacity 7235K, committed 7296K, reserved 1048576K
Event: 11.015 GC heap after
Heap after GC invocations=11 (full 2):
 PSYoungGen      total 303104K, used 19425K [0x000000076af80000, 0x0000000783980000, 0x00000007c0000000)
  eden space 283648K, 0% used [0x000000076af80000,0x000000076af80000,0x000000077c480000)
  from space 19456K, 99% used [0x000000077c480000,0x000000077d778590,0x000000077d780000)
  to   space 28672K, 0% used [0x0000000781d80000,0x0000000781d80000,0x0000000783980000)
 ParOldGen       total 188416K, used 47449K [0x00000006c0e00000, 0x00000006cc600000, 0x000000076af80000)
  object space 188416K, 25% used [0x00000006c0e00000,0x00000006c3c567b0,0x00000006cc600000)
 Metaspace       used 56954K, capacity 57574K, committed 57984K, reserved 1099776K
  class space    used 7053K, capacity 7235K, committed 7296K, reserved 1048576K
}
Event: 15.222 GC heap before
{Heap before GC invocations=12 (full 2):
 PSYoungGen      total 303104K, used 53669K [0x000000076af80000, 0x0000000783980000, 0x00000007c0000000)
  eden space 283648K, 12% used [0x000000076af80000,0x000000076d0f10d0,0x000000077c480000)
  from space 19456K, 99% used [0x000000077c480000,0x000000077d778590,0x000000077d780000)
  to   space 28672K, 0% used [0x0000000781d80000,0x0000000781d80000,0x0000000783980000)
 ParOldGen       total 188416K, used 47449K [0x00000006c0e00000, 0x00000006cc600000, 0x000000076af80000)
  object space 188416K, 25% used [0x00000006c0e00000,0x00000006c3c567b0,0x00000006cc600000)
 Metaspace       used 58315K, capacity 58938K, committed 59096K, reserved 1101824K
  class space    used 7227K, capacity 7389K, committed 7424K, reserved 1048576K
Event: 15.238 GC heap after
Heap after GC invocations=12 (full 2):
 PSYoungGen      total 361472K, used 22197K [0x000000076af80000, 0x0000000783480000, 0x00000007c0000000)
  eden space 337920K, 0% used [0x000000076af80000,0x000000076af80000,0x000000077f980000)
  from space 23552K, 94% used [0x0000000781d80000,0x000000078332d588,0x0000000783480000)
  to   space 30208K, 0% used [0x000000077f980000,0x000000077f980000,0x0000000781700000)
 ParOldGen       total 188416K, used 47457K [0x00000006c0e00000, 0x00000006cc600000, 0x000000076af80000)
  object space 188416K, 25% used [0x00000006c0e00000,0x00000006c3c587b0,0x00000006cc600000)
 Metaspace       used 58315K, capacity 58938K, committed 59096K, reserved 1101824K
  class space    used 7227K, capacity 7389K, committed 7424K, reserved 1048576K
}
Event: 15.238 GC heap before
{Heap before GC invocations=13 (full 3):
 PSYoungGen      total 361472K, used 22197K [0x000000076af80000, 0x0000000783480000, 0x00000007c0000000)
  eden space 337920K, 0% used [0x000000076af80000,0x000000076af80000,0x000000077f980000)
  from space 23552K, 94% used [0x0000000781d80000,0x000000078332d588,0x0000000783480000)
  to   space 30208K, 0% used [0x000000077f980000,0x000000077f980000,0x0000000781700000)
 ParOldGen       total 188416K, used 47457K [0x00000006c0e00000, 0x00000006cc600000, 0x000000076af80000)
  object space 188416K, 25% used [0x00000006c0e00000,0x00000006c3c587b0,0x00000006cc600000)
 Metaspace       used 58315K, capacity 58938K, committed 59096K, reserved 1101824K
  class space    used 7227K, capacity 7389K, committed 7424K, reserved 1048576K
Event: 15.398 GC heap after
Heap after GC invocations=13 (full 3):
 PSYoungGen      total 361472K, used 0K [0x000000076af80000, 0x0000000783480000, 0x00000007c0000000)
  eden space 337920K, 0% used [0x000000076af80000,0x000000076af80000,0x000000077f980000)
  from space 23552K, 0% used [0x0000000781d80000,0x0000000781d80000,0x0000000783480000)
  to   space 30208K, 0% used [0x000000077f980000,0x000000077f980000,0x0000000781700000)
 ParOldGen       total 291328K, used 55274K [0x00000006c0e00000, 0x00000006d2a80000, 0x000000076af80000)
  object space 291328K, 18% used [0x00000006c0e00000,0x00000006c43faac8,0x00000006d2a80000)
 Metaspace       used 58281K, capacity 58884K, committed 59096K, reserved 1101824K
  class space    used 7222K, capacity 7380K, committed 7424K, reserved 1048576K
}

Deoptimization events (10 events):
Event: 17.756 Thread 0x000000001faf5800 Uncommon trap: reason=unstable_if action=reinterpret pc=0x0000000002adb93c method=java.lang.Integer.getChars(II[C)V @ 7
Event: 17.815 Thread 0x000000001faf5800 Uncommon trap: reason=unstable_if action=reinterpret pc=0x000000000304221c method=java.io.BufferedInputStream.fill()V @ 9
Event: 17.893 Thread 0x000000001faf5800 Uncommon trap: reason=unhandled action=none pc=0x0000000003338060 method=java.net.URLClassLoader.findClass(Ljava/lang/String;)Ljava/lang/Class; @ 44
Event: 27.714 Thread 0x0000000020c65800 Uncommon trap: reason=unhandled action=none pc=0x0000000003338060 method=java.net.URLClassLoader.findClass(Ljava/lang/String;)Ljava/lang/Class; @ 44
Event: 35.454 Thread 0x00000000237b1000 Uncommon trap: reason=unhandled action=none pc=0x0000000003338060 method=java.net.URLClassLoader.findClass(Ljava/lang/String;)Ljava/lang/Class; @ 44
Event: 35.455 Thread 0x00000000237b1000 Uncommon trap: reason=bimorphic action=maybe_recompile pc=0x0000000003310fd0 method=java.util.AbstractCollection.addAll(Ljava/util/Collection;)Z @ 29
Event: 35.456 Thread 0x00000000237b1000 Uncommon trap: reason=unhandled action=none pc=0x0000000003338060 method=java.net.URLClassLoader.findClass(Ljava/lang/String;)Ljava/lang/Class; @ 44
Event: 65.457 Thread 0x00000000237b1000 Uncommon trap: reason=bimorphic action=maybe_recompile pc=0x0000000003310fd0 method=java.util.AbstractCollection.addAll(Ljava/util/Collection;)Z @ 29
Event: 95.458 Thread 0x00000000237b1000 Uncommon trap: reason=bimorphic action=maybe_recompile pc=0x0000000003310fd0 method=java.util.AbstractCollection.addAll(Ljava/util/Collection;)Z @ 29
Event: 125.459 Thread 0x00000000237b1000 Uncommon trap: reason=bimorphic action=maybe_recompile pc=0x0000000003310fd0 method=java.util.AbstractCollection.addAll(Ljava/util/Collection;)Z @ 29

Internal exceptions (10 events):
Event: 15.518 Thread 0x0000000020c64000 Exception <a 'java/lang/ArrayIndexOutOfBoundsException': 143> (0x000000076b781160) thrown at [D:\re\workspace\8-2-build-windows-amd64-cygwin\jdk8u77\6540\hotspot\src\share\vm\interpreter\interpreterRuntime.cpp, line 366]
Event: 15.556 Thread 0x0000000020c64000 Implicit null exception at 0x0000000002b73c2f to 0x0000000002b73d55
Event: 15.902 Thread 0x0000000020c64000 Exception <a 'java/lang/ArrayIndexOutOfBoundsException': 28> (0x000000076c28aca0) thrown at [D:\re\workspace\8-2-build-windows-amd64-cygwin\jdk8u77\6540\hotspot\src\share\vm\interpreter\interpreterRuntime.cpp, line 366]
Event: 15.902 Thread 0x0000000020c64000 Exception <a 'java/lang/ArrayIndexOutOfBoundsException': 40> (0x000000076c28bcd8) thrown at [D:\re\workspace\8-2-build-windows-amd64-cygwin\jdk8u77\6540\hotspot\src\share\vm\interpreter\interpreterRuntime.cpp, line 366]
Event: 15.903 Thread 0x0000000020c64000 Exception <a 'java/lang/ArrayIndexOutOfBoundsException': 59> (0x000000076c28ce48) thrown at [D:\re\workspace\8-2-build-windows-amd64-cygwin\jdk8u77\6540\hotspot\src\share\vm\interpreter\interpreterRuntime.cpp, line 366]
Event: 15.907 Thread 0x0000000020c64000 Exception <a 'java/lang/ArrayIndexOutOfBoundsException': 28> (0x000000076c2bd2f0) thrown at [D:\re\workspace\8-2-build-windows-amd64-cygwin\jdk8u77\6540\hotspot\src\share\vm\interpreter\interpreterRuntime.cpp, line 366]
Event: 15.907 Thread 0x0000000020c64000 Exception <a 'java/lang/ArrayIndexOutOfBoundsException': 40> (0x000000076c2be328) thrown at [D:\re\workspace\8-2-build-windows-amd64-cygwin\jdk8u77\6540\hotspot\src\share\vm\interpreter\interpreterRuntime.cpp, line 366]
Event: 15.907 Thread 0x0000000020c64000 Exception <a 'java/lang/ArrayIndexOutOfBoundsException': 59> (0x000000076c2bf498) thrown at [D:\re\workspace\8-2-build-windows-amd64-cygwin\jdk8u77\6540\hotspot\src\share\vm\interpreter\interpreterRuntime.cpp, line 366]
Event: 15.913 Thread 0x0000000020c64000 Exception <a 'java/lang/ArrayIndexOutOfBoundsException': 78> (0x000000076c2ffc78) thrown at [D:\re\workspace\8-2-build-windows-amd64-cygwin\jdk8u77\6540\hotspot\src\share\vm\interpreter\interpreterRuntime.cpp, line 366]
Event: 15.914 Thread 0x0000000020c64000 Exception <a 'java/lang/ArrayIndexOutOfBoundsException': 31> (0x000000076c30ce08) thrown at [D:\re\workspace\8-2-build-windows-amd64-cygwin\jdk8u77\6540\hotspot\src\share\vm\interpreter\interpreterRuntime.cpp, line 366]

Events (10 events):
Event: 146.150 Thread 0x000000001bec9800 flushing nmethod 0x0000000002c6ea90
Event: 146.150 Thread 0x000000001bec9800 flushing nmethod 0x0000000002c6ee10
Event: 146.150 Thread 0x000000001bec9800 flushing nmethod 0x0000000002c92850
Event: 147.700 Thread 0x0000000020c61800 Thread added: 0x0000000020c61800
Event: 147.703 Thread 0x000000001bec9800 flushing nmethod 0x0000000002d88750
Event: 147.705 Thread 0x000000001bec9800 flushing nmethod 0x0000000002ef0a90
Event: 147.714 Executing VM operation: RevokeBias
Event: 147.714 Executing VM operation: RevokeBias done
Event: 147.714 Thread 0x0000000020c61800 Thread exited: 0x0000000020c61800
Event: 147.770 Thread 0x000000001bec9800 flushing nmethod 0x00000000030d2590


Dynamic libraries:
0x00007ff7f94a0000 - 0x00007ff7f94d7000 	C:\Program Files\Java\jre1.8.0_77\bin\javaw.exe
0x00007ffd9f4f0000 - 0x00007ffd9f6b1000 	C:\WINDOWS\SYSTEM32\ntdll.dll
0x00007ffd9f3d0000 - 0x00007ffd9f47d000 	C:\WINDOWS\system32\KERNEL32.DLL
0x00007ffd9c700000 - 0x00007ffd9c8e8000 	C:\WINDOWS\system32\KERNELBASE.dll
0x00007ffd9ef50000 - 0x00007ffd9eff7000 	C:\WINDOWS\system32\ADVAPI32.dll
0x00007ffd9f000000 - 0x00007ffd9f09d000 	C:\WINDOWS\system32\msvcrt.dll
0x00007ffd9c8f0000 - 0x00007ffd9c94b000 	C:\WINDOWS\system32\sechost.dll
0x00007ffd9c950000 - 0x00007ffd9ca6c000 	C:\WINDOWS\system32\RPCRT4.dll
0x00007ffd9f270000 - 0x00007ffd9f3c6000 	C:\WINDOWS\system32\USER32.dll
0x00007ffd9e700000 - 0x00007ffd9e886000 	C:\WINDOWS\system32\GDI32.dll
0x00007ffd96a90000 - 0x00007ffd96d04000 	C:\WINDOWS\WinSxS\amd64_microsoft.windows.common-controls_6595b64144ccf1df_6.0.10586.0_none_8c15ae12515e1c22\COMCTL32.dll
0x00007ffd9cbd0000 - 0x00007ffd9ce4d000 	C:\WINDOWS\system32\combase.dll
0x00007ffd9bd00000 - 0x00007ffd9bd6a000 	C:\WINDOWS\system32\bcryptPrimitives.dll
0x00007ffd9e660000 - 0x00007ffd9e69b000 	C:\WINDOWS\system32\IMM32.DLL
0x000000006eef0000 - 0x000000006efc2000 	C:\Program Files\Java\jre1.8.0_77\bin\msvcr100.dll
0x000000006f180000 - 0x000000006fa10000 	C:\Program Files\Java\jre1.8.0_77\bin\server\jvm.dll
0x00007ffd9f0a0000 - 0x00007ffd9f0a8000 	C:\WINDOWS\system32\PSAPI.DLL
0x00007ffd88b90000 - 0x00007ffd88b99000 	C:\WINDOWS\SYSTEM32\WSOCK32.dll
0x00007ffd97960000 - 0x00007ffd9796a000 	C:\WINDOWS\SYSTEM32\VERSION.dll
0x00007ffd99d90000 - 0x00007ffd99db3000 	C:\WINDOWS\SYSTEM32\WINMM.dll
0x00007ffd9e5c0000 - 0x00007ffd9e62b000 	C:\WINDOWS\system32\WS2_32.dll
0x00000000009a0000 - 0x00000000009cc000 	C:\WINDOWS\SYSTEM32\WINMMBASE.dll
0x00007ffd9bba0000 - 0x00007ffd9bbe3000 	C:\WINDOWS\system32\cfgmgr32.dll
0x000000006f090000 - 0x000000006f09f000 	C:\Program Files\Java\jre1.8.0_77\bin\verify.dll
0x000000006f060000 - 0x000000006f089000 	C:\Program Files\Java\jre1.8.0_77\bin\java.dll
0x000000006eeb0000 - 0x000000006eee5000 	C:\Program Files\Java\jre1.8.0_77\bin\jdwp.dll
0x000000006eea0000 - 0x000000006eea8000 	C:\Program Files\Java\jre1.8.0_77\bin\npt.dll
0x000000006f040000 - 0x000000006f056000 	C:\Program Files\Java\jre1.8.0_77\bin\zip.dll
0x00007ffd9d060000 - 0x00007ffd9e5bc000 	C:\WINDOWS\system32\SHELL32.dll
0x00007ffd9be00000 - 0x00007ffd9c444000 	C:\WINDOWS\system32\windows.storage.dll
0x00007ffd9eac0000 - 0x00007ffd9eb12000 	C:\WINDOWS\system32\shlwapi.dll
0x00007ffd9bb40000 - 0x00007ffd9bb4f000 	C:\WINDOWS\system32\kernel.appcore.dll
0x00007ffd9c640000 - 0x00007ffd9c6f5000 	C:\WINDOWS\system32\shcore.dll
0x00007ffd9bb50000 - 0x00007ffd9bb9b000 	C:\WINDOWS\system32\powrprof.dll
0x00007ffd9bb10000 - 0x00007ffd9bb24000 	C:\WINDOWS\system32\profapi.dll
0x000000006ee90000 - 0x000000006ee99000 	C:\Program Files\Java\jre1.8.0_77\bin\dt_socket.dll
0x00007ffd8fcc0000 - 0x00007ffd8fcd6000 	C:\WINDOWS\system32\napinsp.dll
0x00007ffd912f0000 - 0x00007ffd9130a000 	C:\WINDOWS\system32\pnrpnsp.dll
0x00007ffd962b0000 - 0x00007ffd962c8000 	C:\WINDOWS\system32\NLAapi.dll
0x00007ffd9b440000 - 0x00007ffd9b49c000 	C:\WINDOWS\System32\mswsock.dll
0x00007ffd9a490000 - 0x00007ffd9a53a000 	C:\WINDOWS\SYSTEM32\DNSAPI.dll
0x00007ffd9e650000 - 0x00007ffd9e658000 	C:\WINDOWS\system32\NSI.dll
0x00007ffd91230000 - 0x00007ffd9123d000 	C:\WINDOWS\System32\winrnr.dll
0x00007ffd94610000 - 0x00007ffd94677000 	C:\WINDOWS\System32\fwpuclnt.dll
0x00007ffd9b9a0000 - 0x00007ffd9b9c9000 	C:\WINDOWS\SYSTEM32\bcrypt.dll
0x00007ffd91890000 - 0x00007ffd9189a000 	C:\Windows\System32\rasadhlp.dll
0x000000006ee80000 - 0x000000006ee8d000 	C:\Program Files\Java\jre1.8.0_77\bin\management.dll
0x000000006f020000 - 0x000000006f03a000 	C:\Program Files\Java\jre1.8.0_77\bin\net.dll
0x000000006f000000 - 0x000000006f011000 	C:\Program Files\Java\jre1.8.0_77\bin\nio.dll
0x00007ffd947d0000 - 0x00007ffd94808000 	C:\WINDOWS\SYSTEM32\IPHLPAPI.DLL
0x00007ffd9b4f0000 - 0x00007ffd9b507000 	C:\WINDOWS\SYSTEM32\CRYPTSP.dll
0x00007ffd9b120000 - 0x00007ffd9b154000 	C:\WINDOWS\system32\rsaenh.dll
0x00007ffd9b2d0000 - 0x00007ffd9b2ef000 	C:\WINDOWS\SYSTEM32\USERENV.dll
0x00007ffd9b610000 - 0x00007ffd9b61b000 	C:\WINDOWS\SYSTEM32\CRYPTBASE.dll
0x00007ffd94710000 - 0x00007ffd94726000 	C:\WINDOWS\SYSTEM32\dhcpcsvc6.DLL
0x00007ffd946f0000 - 0x00007ffd9470a000 	C:\WINDOWS\SYSTEM32\dhcpcsvc.DLL
0x000000006efd0000 - 0x000000006eff4000 	C:\Program Files\Java\jre1.8.0_77\bin\sunec.dll
0x000000006ee70000 - 0x000000006ee7b000 	C:\Program Files\Java\jre1.8.0_77\bin\sunmscapi.dll
0x00007ffd9c470000 - 0x00007ffd9c638000 	C:\WINDOWS\system32\CRYPT32.dll
0x00007ffd9bb30000 - 0x00007ffd9bb40000 	C:\WINDOWS\system32\MSASN1.dll
0x00007ffd960c0000 - 0x00007ffd9624c000 	C:\WINDOWS\SYSTEM32\dbghelp.dll

VM Arguments:
jvm_args: -agentlib:jdwp=transport=dt_socket,suspend=y,address=localhost:62466 -Dcom.sun.management.jmxremote -Dcom.sun.management.jmxremote.port=62465 -Dcom.sun.management.jmxremote.authenticate=false -Dcom.sun.management.jmxremote.ssl=false -Dspring.liveBeansView.mbeanDomain -Dspring.application.admin.enabled=true -Dfile.encoding=UTF-8 
java_command: com.wangge.AppServerApplication --spring.output.ansi.enabled=always
java_class_path (initial): C:\Users\yangqc\git\app-server\app-server\target\classes;D:\home\wangjingj\soft\mavenrepo\org\apache\shiro\shiro-web\1.2.4\shiro-web-1.2.4.jar;D:\home\wangjingj\soft\mavenrepo\org\apache\shiro\shiro-core\1.2.4\shiro-core-1.2.4.jar;D:\home\wangjingj\soft\mavenrepo\org\apache\shiro\shiro-spring\1.2.4\shiro-spring-1.2.4.jar;D:\home\wangjingj\soft\mavenrepo\org\springframework\boot\spring-boot-starter-web\1.2.5.RELEASE\spring-boot-starter-web-1.2.5.RELEASE.jar;D:\home\wangjingj\soft\mavenrepo\org\springframework\boot\spring-boot-starter\1.2.5.RELEASE\spring-boot-starter-1.2.5.RELEASE.jar;D:\home\wangjingj\soft\mavenrepo\org\springframework\boot\spring-boot\1.2.5.RELEASE\spring-boot-1.2.5.RELEASE.jar;D:\home\wangjingj\soft\mavenrepo\org\springframework\boot\spring-boot-autoconfigure\1.2.5.RELEASE\spring-boot-autoconfigure-1.2.5.RELEASE.jar;D:\home\wangjingj\soft\mavenrepo\org\springframework\boot\spring-boot-starter-logging\1.2.5.RELEASE\spring-boot-starter-logging-1.2.5.RELEASE.jar;D:\home\wangjingj\soft\mavenrepo\org\slf4j\jul-to-slf4j\1.7.12\jul-to-slf4j-1.7.12.jar;D:\home\wangjingj\soft\mavenrepo\org\slf4j\log4j-over-slf4j\1.7.12\log4j-over-slf4j-1.7.12.jar;D:\home\wangjingj\soft\mavenrepo\org\yaml\snakeyaml\1.14\snakeyaml-1.14.jar;D:\home\wangjingj\soft\mavenrepo\com\fasterxml\jackson\core\jackson-databind\2.4.6\jackson-databind-2.4.6.jar;D:\home\wangjingj\soft\mavenrepo\com\fasterxml\jackson\core\jackson-annotations\2.4.6\jackson-annotations-2.4.6.jar;D:\home\wangjingj\soft\mavenrepo\com\fasterxml\jackson\core\jackson-core\2.4.6\jackson-core-2.4.6.jar;D:\home\wangjingj\soft\mavenrepo\org\hibernate\hibernate-validator\5.1.3.Final\hibernate-validator-5.1.3.Final.jar;D:\home\wangjingj\soft\mavenrepo\javax\validation\validation-api\1.1.0.Final\validation-api-1.1.0.Final.jar;D:\home\wangjingj\soft\mavenrepo\org\jboss\logging\jboss-logging\3.1.3.GA\jboss-logging-3.1.3.GA.jar;D:\home\wangjingj\soft\mavenrepo\com\fasterxml\classmate\1.0.0\class
Launcher Type: SUN_STANDARD

Environment Variables:
JAVA_HOME=C:\Program Files\Java\jdk1.8.0_77
CLASSPATH=.;%JAVA_HOME%\lib\dt.jar;%JAVA_HOME%\lib\tools.jar;
PATH=C:/Program Files/Java/jre1.8.0_77/bin/server;C:/Program Files/Java/jre1.8.0_77/bin;C:/Program Files/Java/jre1.8.0_77/lib/amd64;H:\app\yangqc\product\11.2.0\client_1\bin;%JAVA_HOME%\bin;%JAVA_HOME%\jre\bin;C:\ProgramData\Oracle\Java\javapath;C:\Windows\system32;C:\Windows;C:\Windows\System32\Wbem;C:\Windows\System32\WindowsPowerShell\v1.0\;C:\Program Files (x86)\NVIDIA Corporation\PhysX\Common;G:\apache-maven-3.3.9\bin;C:\Program Files (x86)\MySQL\MySQL Fabric 1.5 & MySQL Utilities 1.5\;C:\Program Files (x86)\MySQL\MySQL Fabric 1.5 & MySQL Utilities 1.5\Doctrine extensions for PHP\;C:\WINDOWS\system32;C:\WINDOWS;C:\WINDOWS\System32\Wbem;C:\WINDOWS\System32\WindowsPowerShell\v1.0\;D:\Oracle\product\11.2.0\client_lite\bin;D:\sts-bundle\sts-3.7.3.RELEASE;
USERNAME=yangqc
OS=Windows_NT
PROCESSOR_IDENTIFIER=Intel64 Family 6 Model 60 Stepping 3, GenuineIntel



---------------  S Y S T E M  ---------------

OS: Windows 10.0 , 64 bit Build 10586 (10.0.10586.0)

CPU:total 4 (4 cores per cpu, 1 threads per core) family 6 model 60 stepping 3, cmov, cx8, fxsr, mmx, sse, sse2, sse3, ssse3, sse4.1, sse4.2, popcnt, avx, avx2, aes, clmul, erms, lzcnt, tsc, tscinvbit, bmi1, bmi2

Memory: 4k page, physical 16713528k(10220536k free), swap 19203896k(11314052k free)

vm_info: Java HotSpot(TM) 64-Bit Server VM (25.77-b03) for windows-amd64 JRE (1.8.0_77-b03), built on Mar 20 2016 22:01:33 by "java_re" with MS VC++ 10.0 (VS2010)

time: Mon May 16 15:14:54 2016
elapsed time: 202 seconds (0d 0h 3m 22s)

